[0.074s] [34mcolcon[0m [1;30mDEBUG[0m [32mCommand line arguments: ['/home/engineer/dec_attempt_v2/dec_cont_BEng_Diss/.venv/bin/colcon', 'build'][0m
[0.074s] [34mcolcon[0m [1;30mDEBUG[0m [32mParsed command line arguments: Namespace(log_base=None, log_level=None, verb_name='build', build_base='build', install_base='install', merge_install=False, symlink_install=False, test_result_base=None, continue_on_error=False, executor='parallel', parallel_workers=16, event_handlers=None, ignore_user_meta=False, metas=['./colcon.meta'], base_paths=['.'], packages_ignore=None, packages_ignore_regex=None, paths=None, packages_up_to=None, packages_up_to_regex=None, packages_above=None, packages_above_and_dependencies=None, packages_above_depth=None, packages_select_by_dep=None, packages_skip_by_dep=None, packages_skip_up_to=None, packages_select_build_failed=False, packages_skip_build_finished=False, packages_select_test_failures=False, packages_skip_test_passed=False, packages_select=None, packages_skip=None, packages_select_regex=None, packages_skip_regex=None, packages_start=None, packages_end=None, cmake_args=None, cmake_target=None, cmake_target_skip_unavailable=False, cmake_clean_cache=False, cmake_clean_first=False, cmake_force_configure=False, ament_cmake_args=None, catkin_cmake_args=None, catkin_skip_building_tests=False, verb_parser=<colcon_defaults.argument_parser.defaults.DefaultArgumentsDecorator object at 0x78415c1e8520>, verb_extension=<colcon_core.verb.build.BuildVerb object at 0x78415c161e10>, main=<bound method BuildVerb.main of <colcon_core.verb.build.BuildVerb object at 0x78415c161e10>>)[0m
[0.096s] [34mcolcon.colcon_core.package_discovery[0m [1;30mLevel 1[0m discover_packages(colcon_meta) check parameters
[0.096s] [34mcolcon.colcon_core.package_discovery[0m [1;30mLevel 1[0m discover_packages(recursive) check parameters
[0.096s] [34mcolcon.colcon_core.package_discovery[0m [1;30mLevel 1[0m discover_packages(ignore) check parameters
[0.096s] [34mcolcon.colcon_core.package_discovery[0m [1;30mLevel 1[0m discover_packages(path) check parameters
[0.096s] [34mcolcon.colcon_core.package_discovery[0m [1;30mLevel 1[0m discover_packages(colcon_meta) discover
[0.096s] [34mcolcon.colcon_core.package_discovery[0m [1;30mLevel 1[0m discover_packages(recursive) discover
[0.096s] [34mcolcon.colcon_core.package_discovery[0m [1;30mINFO[0m Crawling recursively for packages in '/home/engineer/dec_attempt_v2/dec_cont_BEng_Diss'
[0.096s] [34mcolcon.colcon_core.package_identification[0m [1;30mLevel 1[0m _identify(.) by extensions ['ignore', 'ignore_ament_install']
[0.096s] [34mcolcon.colcon_core.package_identification[0m [1;30mLevel 1[0m _identify(.) by extension 'ignore'
[0.096s] [34mcolcon.colcon_core.package_identification[0m [1;30mLevel 1[0m _identify(.) by extension 'ignore_ament_install'
[0.096s] [34mcolcon.colcon_core.package_identification[0m [1;30mLevel 1[0m _identify(.) by extensions ['colcon_pkg']
[0.096s] [34mcolcon.colcon_core.package_identification[0m [1;30mLevel 1[0m _identify(.) by extension 'colcon_pkg'
[0.096s] [34mcolcon.colcon_core.package_identification[0m [1;30mLevel 1[0m _identify(.) by extensions ['colcon_meta']
[0.096s] [34mcolcon.colcon_core.package_identification[0m [1;30mLevel 1[0m _identify(.) by extension 'colcon_meta'
[0.096s] [34mcolcon.colcon_core.package_identification[0m [1;30mLevel 1[0m _identify(.) by extensions ['ros']
[0.096s] [34mcolcon.colcon_core.package_identification[0m [1;30mLevel 1[0m _identify(.) by extension 'ros'
[0.112s] [34mcolcon.colcon_core.package_identification[0m [1;30mDEBUG[0m [32mPackage '.' with type 'ros.ament_cmake' and name 'dec_control'[0m
[0.112s] [34mcolcon.colcon_core.package_discovery[0m [1;30mLevel 1[0m discover_packages(recursive) using defaults
[0.112s] [34mcolcon.colcon_core.package_discovery[0m [1;30mLevel 1[0m discover_packages(ignore) discover
[0.112s] [34mcolcon.colcon_core.package_discovery[0m [1;30mLevel 1[0m discover_packages(ignore) using defaults
[0.112s] [34mcolcon.colcon_core.package_discovery[0m [1;30mLevel 1[0m discover_packages(path) discover
[0.112s] [34mcolcon.colcon_core.package_discovery[0m [1;30mLevel 1[0m discover_packages(path) using defaults
[0.120s] [34mcolcon.colcon_core.verb[0m [1;30mLevel 5[0m set package 'dec_control' build argument 'cmake_args' from command line to 'None'
[0.120s] [34mcolcon.colcon_core.verb[0m [1;30mLevel 5[0m set package 'dec_control' build argument 'cmake_target' from command line to 'None'
[0.120s] [34mcolcon.colcon_core.verb[0m [1;30mLevel 5[0m set package 'dec_control' build argument 'cmake_target_skip_unavailable' from command line to 'False'
[0.120s] [34mcolcon.colcon_core.verb[0m [1;30mLevel 5[0m set package 'dec_control' build argument 'cmake_clean_cache' from command line to 'False'
[0.120s] [34mcolcon.colcon_core.verb[0m [1;30mLevel 5[0m set package 'dec_control' build argument 'cmake_clean_first' from command line to 'False'
[0.121s] [34mcolcon.colcon_core.verb[0m [1;30mLevel 5[0m set package 'dec_control' build argument 'cmake_force_configure' from command line to 'False'
[0.121s] [34mcolcon.colcon_core.verb[0m [1;30mLevel 5[0m set package 'dec_control' build argument 'ament_cmake_args' from command line to 'None'
[0.121s] [34mcolcon.colcon_core.verb[0m [1;30mLevel 5[0m set package 'dec_control' build argument 'catkin_cmake_args' from command line to 'None'
[0.121s] [34mcolcon.colcon_core.verb[0m [1;30mLevel 5[0m set package 'dec_control' build argument 'catkin_skip_building_tests' from command line to 'False'
[0.121s] [34mcolcon.colcon_core.verb[0m [1;30mDEBUG[0m [32mBuilding package 'dec_control' with the following arguments: {'ament_cmake_args': None, 'build_base': '/home/engineer/dec_attempt_v2/dec_cont_BEng_Diss/build/dec_control', 'catkin_cmake_args': None, 'catkin_skip_building_tests': False, 'cmake_args': None, 'cmake_clean_cache': False, 'cmake_clean_first': False, 'cmake_force_configure': False, 'cmake_target': None, 'cmake_target_skip_unavailable': False, 'install_base': '/home/engineer/dec_attempt_v2/dec_cont_BEng_Diss/install/dec_control', 'merge_install': False, 'path': '/home/engineer/dec_attempt_v2/dec_cont_BEng_Diss', 'symlink_install': False, 'test_result_base': None}[0m
[0.121s] [34mcolcon.colcon_core.executor[0m [1;30mINFO[0m Executing jobs using 'parallel' executor
[0.121s] [34mcolcon.colcon_parallel_executor.executor.parallel[0m [1;30mDEBUG[0m [32mrun_until_complete[0m
[0.121s] [34mcolcon.colcon_ros.task.ament_cmake.build[0m [1;30mINFO[0m Building ROS package in '/home/engineer/dec_attempt_v2/dec_cont_BEng_Diss' with build type 'ament_cmake'
[0.121s] [34mcolcon.colcon_cmake.task.cmake.build[0m [1;30mINFO[0m Building CMake package in '/home/engineer/dec_attempt_v2/dec_cont_BEng_Diss'
[0.122s] [34mcolcon.colcon_core.plugin_system[0m [1;30mINFO[0m Skipping extension 'colcon_core.shell.bat': Not used on non-Windows systems
[0.122s] [34mcolcon.colcon_core.shell[0m [1;30mINFO[0m Skip shell extension 'powershell' for command environment: Not usable outside of PowerShell
[0.122s] [34mcolcon.colcon_core.shell[0m [1;30mDEBUG[0m [32mSkip shell extension 'dsv' for command environment[0m
[0.128s] [34mcolcon.colcon_core.event_handler.log_command[0m [1;30mDEBUG[0m [32mInvoking command in '/home/engineer/dec_attempt_v2/dec_cont_BEng_Diss/build/dec_control': CMAKE_PREFIX_PATH=/opt/ros/humble PS1=(.venv) \[\e]0;\u@\h: \w\a\]${debian_chroot:+($debian_chroot)}\[\033[01;32m\]\u@\h\[\033[00m\]:\[\033[01;34m\]\w\[\033[00m\]\$ VIRTUAL_ENV_PROMPT=(.venv) /usr/bin/cmake /home/engineer/dec_attempt_v2/dec_cont_BEng_Diss -DCMAKE_INSTALL_PREFIX=/home/engineer/dec_attempt_v2/dec_cont_BEng_Diss/install/dec_control[0m
[4.805s] [34mcolcon.colcon_core.event_handler.log_command[0m [1;30mDEBUG[0m [32mInvoked command in '/home/engineer/dec_attempt_v2/dec_cont_BEng_Diss/build/dec_control' returned '0': CMAKE_PREFIX_PATH=/opt/ros/humble PS1=(.venv) \[\e]0;\u@\h: \w\a\]${debian_chroot:+($debian_chroot)}\[\033[01;32m\]\u@\h\[\033[00m\]:\[\033[01;34m\]\w\[\033[00m\]\$ VIRTUAL_ENV_PROMPT=(.venv) /usr/bin/cmake /home/engineer/dec_attempt_v2/dec_cont_BEng_Diss -DCMAKE_INSTALL_PREFIX=/home/engineer/dec_attempt_v2/dec_cont_BEng_Diss/install/dec_control[0m
[4.806s] [34mcolcon.colcon_core.event_handler.log_command[0m [1;30mDEBUG[0m [32mInvoking command in '/home/engineer/dec_attempt_v2/dec_cont_BEng_Diss/build/dec_control': CMAKE_PREFIX_PATH=/opt/ros/humble PS1=(.venv) \[\e]0;\u@\h: \w\a\]${debian_chroot:+($debian_chroot)}\[\033[01;32m\]\u@\h\[\033[00m\]:\[\033[01;34m\]\w\[\033[00m\]\$ VIRTUAL_ENV_PROMPT=(.venv) /usr/bin/cmake --build /home/engineer/dec_attempt_v2/dec_cont_BEng_Diss/build/dec_control -- -j16 -l16[0m
[9.623s] [34mcolcon.colcon_core.event_handler.log_command[0m [1;30mDEBUG[0m [32mInvoked command in '/home/engineer/dec_attempt_v2/dec_cont_BEng_Diss/build/dec_control' returned '0': CMAKE_PREFIX_PATH=/opt/ros/humble PS1=(.venv) \[\e]0;\u@\h: \w\a\]${debian_chroot:+($debian_chroot)}\[\033[01;32m\]\u@\h\[\033[00m\]:\[\033[01;34m\]\w\[\033[00m\]\$ VIRTUAL_ENV_PROMPT=(.venv) /usr/bin/cmake --build /home/engineer/dec_attempt_v2/dec_cont_BEng_Diss/build/dec_control -- -j16 -l16[0m
[9.628s] [34mcolcon.colcon_core.event_handler.log_command[0m [1;30mDEBUG[0m [32mInvoking command in '/home/engineer/dec_attempt_v2/dec_cont_BEng_Diss/build/dec_control': CMAKE_PREFIX_PATH=/opt/ros/humble PS1=(.venv) \[\e]0;\u@\h: \w\a\]${debian_chroot:+($debian_chroot)}\[\033[01;32m\]\u@\h\[\033[00m\]:\[\033[01;34m\]\w\[\033[00m\]\$ VIRTUAL_ENV_PROMPT=(.venv) /usr/bin/cmake --install /home/engineer/dec_attempt_v2/dec_cont_BEng_Diss/build/dec_control[0m
[9.752s] [34mcolcon.colcon_core.environment[0m [1;30mLevel 1[0m create_environment_scripts_only(dec_control)
[9.752s] [34mcolcon.colcon_core.event_handler.log_command[0m [1;30mDEBUG[0m [32mInvoked command in '/home/engineer/dec_attempt_v2/dec_cont_BEng_Diss/build/dec_control' returned '0': CMAKE_PREFIX_PATH=/opt/ros/humble PS1=(.venv) \[\e]0;\u@\h: \w\a\]${debian_chroot:+($debian_chroot)}\[\033[01;32m\]\u@\h\[\033[00m\]:\[\033[01;34m\]\w\[\033[00m\]\$ VIRTUAL_ENV_PROMPT=(.venv) /usr/bin/cmake --install /home/engineer/dec_attempt_v2/dec_cont_BEng_Diss/build/dec_control[0m
[9.753s] [34mcolcon.colcon_core.environment[0m [1;30mLevel 1[0m checking '/home/engineer/dec_attempt_v2/dec_cont_BEng_Diss/install/dec_control' for CMake module files
[9.754s] [34mcolcon.colcon_core.environment[0m [1;30mLevel 1[0m checking '/home/engineer/dec_attempt_v2/dec_cont_BEng_Diss/install/dec_control' for CMake config files
[9.754s] [34mcolcon.colcon_core.shell[0m [1;30mLevel 1[0m create_environment_hook('dec_control', 'cmake_prefix_path')
[9.754s] [34mcolcon.colcon_core.shell[0m [1;30mINFO[0m Creating environment hook '/home/engineer/dec_attempt_v2/dec_cont_BEng_Diss/install/dec_control/share/dec_control/hook/cmake_prefix_path.ps1'
[9.755s] [34mcolcon.colcon_core.shell[0m [1;30mINFO[0m Creating environment descriptor '/home/engineer/dec_attempt_v2/dec_cont_BEng_Diss/install/dec_control/share/dec_control/hook/cmake_prefix_path.dsv'
[9.755s] [34mcolcon.colcon_core.shell[0m [1;30mINFO[0m Creating environment hook '/home/engineer/dec_attempt_v2/dec_cont_BEng_Diss/install/dec_control/share/dec_control/hook/cmake_prefix_path.sh'
[9.755s] [34mcolcon.colcon_core.environment[0m [1;30mLevel 1[0m checking '/home/engineer/dec_attempt_v2/dec_cont_BEng_Diss/install/dec_control/lib'
[9.755s] [34mcolcon.colcon_core.shell[0m [1;30mLevel 1[0m create_environment_hook('dec_control', 'ld_library_path_lib')
[9.755s] [34mcolcon.colcon_core.shell[0m [1;30mINFO[0m Creating environment hook '/home/engineer/dec_attempt_v2/dec_cont_BEng_Diss/install/dec_control/share/dec_control/hook/ld_library_path_lib.ps1'
[9.756s] [34mcolcon.colcon_core.shell[0m [1;30mINFO[0m Creating environment descriptor '/home/engineer/dec_attempt_v2/dec_cont_BEng_Diss/install/dec_control/share/dec_control/hook/ld_library_path_lib.dsv'
[9.756s] [34mcolcon.colcon_core.shell[0m [1;30mINFO[0m Creating environment hook '/home/engineer/dec_attempt_v2/dec_cont_BEng_Diss/install/dec_control/share/dec_control/hook/ld_library_path_lib.sh'
[9.756s] [34mcolcon.colcon_core.environment[0m [1;30mLevel 1[0m checking '/home/engineer/dec_attempt_v2/dec_cont_BEng_Diss/install/dec_control/bin'
[9.756s] [34mcolcon.colcon_core.environment[0m [1;30mLevel 1[0m checking '/home/engineer/dec_attempt_v2/dec_cont_BEng_Diss/install/dec_control/lib/pkgconfig/dec_control.pc'
[9.757s] [34mcolcon.colcon_core.environment[0m [1;30mLevel 1[0m checking '/home/engineer/dec_attempt_v2/dec_cont_BEng_Diss/install/dec_control/lib/python3.10/site-packages'
[9.757s] [34mcolcon.colcon_core.shell[0m [1;30mLevel 1[0m create_environment_hook('dec_control', 'pythonpath')
[9.757s] [34mcolcon.colcon_core.shell[0m [1;30mINFO[0m Creating environment hook '/home/engineer/dec_attempt_v2/dec_cont_BEng_Diss/install/dec_control/share/dec_control/hook/pythonpath.ps1'
[9.757s] [34mcolcon.colcon_core.shell[0m [1;30mINFO[0m Creating environment descriptor '/home/engineer/dec_attempt_v2/dec_cont_BEng_Diss/install/dec_control/share/dec_control/hook/pythonpath.dsv'
[9.757s] [34mcolcon.colcon_core.shell[0m [1;30mINFO[0m Creating environment hook '/home/engineer/dec_attempt_v2/dec_cont_BEng_Diss/install/dec_control/share/dec_control/hook/pythonpath.sh'
[9.757s] [34mcolcon.colcon_core.environment[0m [1;30mLevel 1[0m checking '/home/engineer/dec_attempt_v2/dec_cont_BEng_Diss/install/dec_control/bin'
[9.757s] [34mcolcon.colcon_core.shell[0m [1;30mINFO[0m Creating package script '/home/engineer/dec_attempt_v2/dec_cont_BEng_Diss/install/dec_control/share/dec_control/package.ps1'
[9.758s] [34mcolcon.colcon_core.shell[0m [1;30mINFO[0m Creating package descriptor '/home/engineer/dec_attempt_v2/dec_cont_BEng_Diss/install/dec_control/share/dec_control/package.dsv'
[9.758s] [34mcolcon.colcon_core.shell[0m [1;30mINFO[0m Creating package script '/home/engineer/dec_attempt_v2/dec_cont_BEng_Diss/install/dec_control/share/dec_control/package.sh'
[9.759s] [34mcolcon.colcon_core.shell[0m [1;30mINFO[0m Creating package script '/home/engineer/dec_attempt_v2/dec_cont_BEng_Diss/install/dec_control/share/dec_control/package.bash'
[9.759s] [34mcolcon.colcon_core.shell[0m [1;30mINFO[0m Creating package script '/home/engineer/dec_attempt_v2/dec_cont_BEng_Diss/install/dec_control/share/dec_control/package.zsh'
[9.759s] [34mcolcon.colcon_core.environment[0m [1;30mLevel 1[0m create_file_with_runtime_dependencies(/home/engineer/dec_attempt_v2/dec_cont_BEng_Diss/install/dec_control/share/colcon-core/packages/dec_control)
[9.760s] [34mcolcon.colcon_core.environment[0m [1;30mLevel 1[0m create_environment_scripts_only(dec_control)
[9.760s] [34mcolcon.colcon_core.environment[0m [1;30mLevel 1[0m checking '/home/engineer/dec_attempt_v2/dec_cont_BEng_Diss/install/dec_control' for CMake module files
[9.760s] [34mcolcon.colcon_core.environment[0m [1;30mLevel 1[0m checking '/home/engineer/dec_attempt_v2/dec_cont_BEng_Diss/install/dec_control' for CMake config files
[9.760s] [34mcolcon.colcon_core.shell[0m [1;30mLevel 1[0m create_environment_hook('dec_control', 'cmake_prefix_path')
[9.761s] [34mcolcon.colcon_core.shell[0m [1;30mINFO[0m Creating environment hook '/home/engineer/dec_attempt_v2/dec_cont_BEng_Diss/install/dec_control/share/dec_control/hook/cmake_prefix_path.ps1'
[9.761s] [34mcolcon.colcon_core.shell[0m [1;30mINFO[0m Creating environment descriptor '/home/engineer/dec_attempt_v2/dec_cont_BEng_Diss/install/dec_control/share/dec_control/hook/cmake_prefix_path.dsv'
[9.761s] [34mcolcon.colcon_core.shell[0m [1;30mINFO[0m Creating environment hook '/home/engineer/dec_attempt_v2/dec_cont_BEng_Diss/install/dec_control/share/dec_control/hook/cmake_prefix_path.sh'
[9.761s] [34mcolcon.colcon_core.environment[0m [1;30mLevel 1[0m checking '/home/engineer/dec_attempt_v2/dec_cont_BEng_Diss/install/dec_control/lib'
[9.761s] [34mcolcon.colcon_core.shell[0m [1;30mLevel 1[0m create_environment_hook('dec_control', 'ld_library_path_lib')
[9.761s] [34mcolcon.colcon_core.shell[0m [1;30mINFO[0m Creating environment hook '/home/engineer/dec_attempt_v2/dec_cont_BEng_Diss/install/dec_control/share/dec_control/hook/ld_library_path_lib.ps1'
[9.762s] [34mcolcon.colcon_core.shell[0m [1;30mINFO[0m Creating environment descriptor '/home/engineer/dec_attempt_v2/dec_cont_BEng_Diss/install/dec_control/share/dec_control/hook/ld_library_path_lib.dsv'
[9.762s] [34mcolcon.colcon_core.shell[0m [1;30mINFO[0m Creating environment hook '/home/engineer/dec_attempt_v2/dec_cont_BEng_Diss/install/dec_control/share/dec_control/hook/ld_library_path_lib.sh'
[9.762s] [34mcolcon.colcon_core.environment[0m [1;30mLevel 1[0m checking '/home/engineer/dec_attempt_v2/dec_cont_BEng_Diss/install/dec_control/bin'
[9.762s] [34mcolcon.colcon_core.environment[0m [1;30mLevel 1[0m checking '/home/engineer/dec_attempt_v2/dec_cont_BEng_Diss/install/dec_control/lib/pkgconfig/dec_control.pc'
[9.762s] [34mcolcon.colcon_core.environment[0m [1;30mLevel 1[0m checking '/home/engineer/dec_attempt_v2/dec_cont_BEng_Diss/install/dec_control/lib/python3.10/site-packages'
[9.762s] [34mcolcon.colcon_core.shell[0m [1;30mLevel 1[0m create_environment_hook('dec_control', 'pythonpath')
[9.762s] [34mcolcon.colcon_core.shell[0m [1;30mINFO[0m Creating environment hook '/home/engineer/dec_attempt_v2/dec_cont_BEng_Diss/install/dec_control/share/dec_control/hook/pythonpath.ps1'
[9.762s] [34mcolcon.colcon_core.shell[0m [1;30mINFO[0m Creating environment descriptor '/home/engineer/dec_attempt_v2/dec_cont_BEng_Diss/install/dec_control/share/dec_control/hook/pythonpath.dsv'
[9.763s] [34mcolcon.colcon_core.shell[0m [1;30mINFO[0m Creating environment hook '/home/engineer/dec_attempt_v2/dec_cont_BEng_Diss/install/dec_control/share/dec_control/hook/pythonpath.sh'
[9.763s] [34mcolcon.colcon_core.environment[0m [1;30mLevel 1[0m checking '/home/engineer/dec_attempt_v2/dec_cont_BEng_Diss/install/dec_control/bin'
[9.763s] [34mcolcon.colcon_core.shell[0m [1;30mINFO[0m Creating package script '/home/engineer/dec_attempt_v2/dec_cont_BEng_Diss/install/dec_control/share/dec_control/package.ps1'
[9.763s] [34mcolcon.colcon_core.shell[0m [1;30mINFO[0m Creating package descriptor '/home/engineer/dec_attempt_v2/dec_cont_BEng_Diss/install/dec_control/share/dec_control/package.dsv'
[9.764s] [34mcolcon.colcon_core.shell[0m [1;30mINFO[0m Creating package script '/home/engineer/dec_attempt_v2/dec_cont_BEng_Diss/install/dec_control/share/dec_control/package.sh'
[9.764s] [34mcolcon.colcon_core.shell[0m [1;30mINFO[0m Creating package script '/home/engineer/dec_attempt_v2/dec_cont_BEng_Diss/install/dec_control/share/dec_control/package.bash'
[9.764s] [34mcolcon.colcon_core.shell[0m [1;30mINFO[0m Creating package script '/home/engineer/dec_attempt_v2/dec_cont_BEng_Diss/install/dec_control/share/dec_control/package.zsh'
[9.764s] [34mcolcon.colcon_core.environment[0m [1;30mLevel 1[0m create_file_with_runtime_dependencies(/home/engineer/dec_attempt_v2/dec_cont_BEng_Diss/install/dec_control/share/colcon-core/packages/dec_control)
[9.764s] [34mcolcon.colcon_parallel_executor.executor.parallel[0m [1;30mDEBUG[0m [32mclosing loop[0m
[9.764s] [34mcolcon.colcon_parallel_executor.executor.parallel[0m [1;30mDEBUG[0m [32mloop closed[0m
[9.764s] [34mcolcon.colcon_parallel_executor.executor.parallel[0m [1;30mDEBUG[0m [32mrun_until_complete finished with '0'[0m
[9.764s] [34mcolcon.colcon_core.event_reactor[0m [1;30mDEBUG[0m [32mjoining thread[0m
[9.765s] [34mcolcon.colcon_core.plugin_system[0m [1;30mINFO[0m Skipping extension 'colcon_notification.desktop_notification.notify2': 'notify2' not found
[9.765s] [34mcolcon.colcon_core.plugin_system[0m [1;30mINFO[0m Skipping extension 'colcon_notification.desktop_notification.terminal_notifier': Not used on non-Darwin systems
[9.766s] [34mcolcon.colcon_core.plugin_system[0m [1;30mINFO[0m Skipping extension 'colcon_notification.desktop_notification.win32': Not used on non-Windows systems
[9.766s] [34mcolcon.colcon_notification.desktop_notification[0m [1;30mINFO[0m Sending desktop notification using 'notify_send'
[9.775s] [34mcolcon.colcon_core.event_reactor[0m [1;30mDEBUG[0m [32mjoined thread[0m
[9.775s] [34mcolcon.colcon_core.shell[0m [1;30mINFO[0m Creating prefix script '/home/engineer/dec_attempt_v2/dec_cont_BEng_Diss/install/local_setup.ps1'
[9.776s] [34mcolcon.colcon_core.shell[0m [1;30mINFO[0m Creating prefix util module '/home/engineer/dec_attempt_v2/dec_cont_BEng_Diss/install/_local_setup_util_ps1.py'
[9.776s] [34mcolcon.colcon_core.shell[0m [1;30mINFO[0m Creating prefix chain script '/home/engineer/dec_attempt_v2/dec_cont_BEng_Diss/install/setup.ps1'
[9.777s] [34mcolcon.colcon_core.shell[0m [1;30mINFO[0m Creating prefix script '/home/engineer/dec_attempt_v2/dec_cont_BEng_Diss/install/local_setup.sh'
[9.777s] [34mcolcon.colcon_core.shell[0m [1;30mINFO[0m Creating prefix util module '/home/engineer/dec_attempt_v2/dec_cont_BEng_Diss/install/_local_setup_util_sh.py'
[9.777s] [34mcolcon.colcon_core.shell[0m [1;30mINFO[0m Creating prefix chain script '/home/engineer/dec_attempt_v2/dec_cont_BEng_Diss/install/setup.sh'
[9.778s] [34mcolcon.colcon_core.shell[0m [1;30mINFO[0m Creating prefix script '/home/engineer/dec_attempt_v2/dec_cont_BEng_Diss/install/local_setup.bash'
[9.778s] [34mcolcon.colcon_core.shell[0m [1;30mINFO[0m Creating prefix chain script '/home/engineer/dec_attempt_v2/dec_cont_BEng_Diss/install/setup.bash'
[9.778s] [34mcolcon.colcon_core.shell[0m [1;30mINFO[0m Creating prefix script '/home/engineer/dec_attempt_v2/dec_cont_BEng_Diss/install/local_setup.zsh'
[9.779s] [34mcolcon.colcon_core.shell[0m [1;30mINFO[0m Creating prefix chain script '/home/engineer/dec_attempt_v2/dec_cont_BEng_Diss/install/setup.zsh'
